# JRE version: OpenJDK Runtime Environment (8.0_265-b01) (build 1.8.0_265-8u265-b01-0ubuntu2~18.04-b01)
# Java VM: OpenJDK 64-Bit Server VM (25.265-b01 mixed mode linux-amd64 compressed oops)
Heap:
 PSYoungGen      total 261120K, used 5068K [0x00000000d6f80000, 0x00000000e7880000, 0x0000000100000000)
  eden space 252416K, 0% used [0x00000000d6f80000,0x00000000d6f80000,0x00000000e6600000)
  from space 8704K, 58% used [0x00000000e6600000,0x00000000e6af32f0,0x00000000e6e80000)
  to   space 7168K, 0% used [0x00000000e6e80000,0x00000000e6e80000,0x00000000e7580000)
 ParOldGen       total 84992K, used 3903K [0x0000000084e00000, 0x000000008a100000, 0x00000000d6f80000)
  object space 84992K, 4% used [0x0000000084e00000,0x00000000851cfcf0,0x000000008a100000)
 Metaspace       used 20769K, capacity 21016K, committed 21296K, reserved 1069056K
  class space    used 2474K, capacity 2568K, committed 2688K, reserved 1048576K
GC Heap History (10 events):
Event: 0.778 GC heap after
Heap after GC invocations=2 (full 0):
 PSYoungGen      total 68608K, used 2402K [0x00000000d6f80000, 0x00000000db780000, 0x0000000100000000)
  eden space 63488K, 0% used [0x00000000d6f80000,0x00000000d6f80000,0x00000000dad80000)
  from space 5120K, 46% used [0x00000000db280000,0x00000000db4d88d8,0x00000000db780000)
  to   space 5120K, 0% used [0x00000000dad80000,0x00000000dad80000,0x00000000db280000)
 ParOldGen       total 84992K, used 16K [0x0000000084e00000, 0x000000008a100000, 0x00000000d6f80000)
  object space 84992K, 0% used [0x0000000084e00000,0x0000000084e04000,0x000000008a100000)
 Metaspace       used 6237K, capacity 6396K, committed 6656K, reserved 1056768K
  class space    used 682K, capacity 728K, committed 768K, reserved 1048576K
}
Event: 2.223 GC heap before
{Heap before GC invocations=3 (full 0):
 PSYoungGen      total 68608K, used 65890K [0x00000000d6f80000, 0x00000000db780000, 0x0000000100000000)
  eden space 63488K, 100% used [0x00000000d6f80000,0x00000000dad80000,0x00000000dad80000)
  from space 5120K, 46% used [0x00000000db280000,0x00000000db4d88d8,0x00000000db780000)
  to   space 5120K, 0% used [0x00000000dad80000,0x00000000dad80000,0x00000000db280000)
 ParOldGen       total 84992K, used 16K [0x0000000084e00000, 0x000000008a100000, 0x00000000d6f80000)
  object space 84992K, 0% used [0x0000000084e00000,0x0000000084e04000,0x000000008a100000)
 Metaspace       used 8334K, capacity 8500K, committed 8704K, reserved 1056768K
  class space    used 962K, capacity 1020K, committed 1024K, reserved 1048576K
Event: 2.227 GC heap after
Heap after GC invocations=3 (full 0):
 PSYoungGen      total 68608K, used 3570K [0x00000000d6f80000, 0x00000000df580000, 0x0000000100000000)
  eden space 63488K, 0% used [0x00000000d6f80000,0x00000000d6f80000,0x00000000dad80000)
  from space 5120K, 69% used [0x00000000dad80000,0x00000000db0fcbf0,0x00000000db280000)
  to   space 5120K, 0% used [0x00000000df080000,0x00000000df080000,0x00000000df580000)
 ParOldGen       total 84992K, used 24K [0x0000000084e00000, 0x000000008a100000, 0x00000000d6f80000)
  object space 84992K, 0% used [0x0000000084e00000,0x0000000084e06000,0x000000008a100000)
 Metaspace       used 8334K, capacity 8500K, committed 8704K, reserved 1056768K
  class space    used 962K, capacity 1020K, committed 1024K, reserved 1048576K
}
Event: 2.456 GC heap before
{Heap before GC invocations=4 (full 0):
 PSYoungGen      total 68608K, used 67058K [0x00000000d6f80000, 0x00000000df580000, 0x0000000100000000)
  eden space 63488K, 100% used [0x00000000d6f80000,0x00000000dad80000,0x00000000dad80000)
  from space 5120K, 69% used [0x00000000dad80000,0x00000000db0fcbf0,0x00000000db280000)
  to   space 5120K, 0% used [0x00000000df080000,0x00000000df080000,0x00000000df580000)
 ParOldGen       total 84992K, used 24K [0x0000000084e00000, 0x000000008a100000, 0x00000000d6f80000)
  object space 84992K, 0% used [0x0000000084e00000,0x0000000084e06000,0x000000008a100000)
 Metaspace       used 10250K, capacity 10420K, committed 10496K, reserved 1058816K
  class space    used 1222K, capacity 1276K, committed 1280K, reserved 1048576K
Event: 2.460 GC heap after
Heap after GC invocations=4 (full 0):
 PSYoungGen      total 132096K, used 4005K [0x00000000d6f80000, 0x00000000df580000, 0x0000000100000000)
  eden space 126976K, 0% used [0x00000000d6f80000,0x00000000d6f80000,0x00000000deb80000)
  from space 5120K, 78% used [0x00000000df080000,0x00000000df4694b0,0x00000000df580000)
  to   space 5120K, 0% used [0x00000000deb80000,0x00000000deb80000,0x00000000df080000)
 ParOldGen       total 84992K, used 32K [0x0000000084e00000, 0x000000008a100000, 0x00000000d6f80000)
  object space 84992K, 0% used [0x0000000084e00000,0x0000000084e08000,0x000000008a100000)
 Metaspace       used 10250K, capacity 10420K, committed 10496K, reserved 1058816K
  class space    used 1222K, capacity 1276K, committed 1280K, reserved 1048576K
}
Event: 2.784 GC heap before
{Heap before GC invocations=5 (full 0):
 PSYoungGen      total 132096K, used 130981K [0x00000000d6f80000, 0x00000000df580000, 0x0000000100000000)
  eden space 126976K, 100% used [0x00000000d6f80000,0x00000000deb80000,0x00000000deb80000)
  from space 5120K, 78% used [0x00000000df080000,0x00000000df4694b0,0x00000000df580000)
  to   space 5120K, 0% used [0x00000000deb80000,0x00000000deb80000,0x00000000df080000)
 ParOldGen       total 84992K, used 32K [0x0000000084e00000, 0x000000008a100000, 0x00000000d6f80000)
  object space 84992K, 0% used [0x0000000084e00000,0x0000000084e08000,0x000000008a100000)
 Metaspace       used 14539K, capacity 14740K, committed 14848K, reserved 1062912K
  class space    used 1708K, capacity 1756K, committed 1792K, reserved 1048576K
Event: 2.798 GC heap after
Heap after GC invocations=5 (full 0):
 PSYoungGen      total 132096K, used 5119K [0x00000000d6f80000, 0x00000000e7580000, 0x0000000100000000)
  eden space 126976K, 0% used [0x00000000d6f80000,0x00000000d6f80000,0x00000000deb80000)
  from space 5120K, 99% used [0x00000000deb80000,0x00000000df07ffd0,0x00000000df080000)
  to   space 7168K, 0% used [0x00000000e6e80000,0x00000000e6e80000,0x00000000e7580000)
 ParOldGen       total 84992K, used 2144K [0x0000000084e00000, 0x000000008a100000, 0x00000000d6f80000)
  object space 84992K, 2% used [0x0000000084e00000,0x0000000085018380,0x000000008a100000)
 Metaspace       used 14539K, capacity 14740K, committed 14848K, reserved 1062912K
  class space    used 1708K, capacity 1756K, committed 1792K, reserved 1048576K
}
Event: 3.250 GC heap before
{Heap before GC invocations=6 (full 0):
 PSYoungGen      total 132096K, used 132095K [0x00000000d6f80000, 0x00000000e7580000, 0x0000000100000000)
  eden space 126976K, 100% used [0x00000000d6f80000,0x00000000deb80000,0x00000000deb80000)
  from space 5120K, 99% used [0x00000000deb80000,0x00000000df07ffd0,0x00000000df080000)
  to   space 7168K, 0% used [0x00000000e6e80000,0x00000000e6e80000,0x00000000e7580000)
 ParOldGen       total 84992K, used 2144K [0x0000000084e00000, 0x000000008a100000, 0x00000000d6f80000)
  object space 84992K, 2% used [0x0000000084e00000,0x0000000085018380,0x000000008a100000)
 Metaspace       used 18606K, capacity 18878K, committed 19200K, reserved 1067008K
  class space    used 2204K, capacity 2259K, committed 2304K, reserved 1048576K
Event: 3.260 GC heap after
Heap after GC invocations=6 (full 0):
 PSYoungGen      total 259584K, used 6814K [0x00000000d6f80000, 0x00000000e7880000, 0x0000000100000000)
  eden space 252416K, 0% used [0x00000000d6f80000,0x00000000d6f80000,0x00000000e6600000)
  from space 7168K, 95% used [0x00000000e6e80000,0x00000000e7527878,0x00000000e7580000)
  to   space 8704K, 0% used [0x00000000e6600000,0x00000000e6600000,0x00000000e6e80000)
 ParOldGen       total 84992K, used 2216K [0x0000000084e00000, 0x000000008a100000, 0x00000000d6f80000)
  object space 84992K, 2% used [0x0000000084e00000,0x000000008502a390,0x000000008a100000)
 Metaspace       used 18606K, capacity 18878K, committed 19200K, reserved 1067008K
  class space    used 2204K, capacity 2259K, committed 2304K, reserved 1048576K
}
Event: 3.448 GC heap before
{Heap before GC invocations=7 (full 0):
 PSYoungGen      total 259584K, used 74541K [0x00000000d6f80000, 0x00000000e7880000, 0x0000000100000000)
  eden space 252416K, 26% used [0x00000000d6f80000,0x00000000db1a3c50,0x00000000e6600000)
  from space 7168K, 95% used [0x00000000e6e80000,0x00000000e7527878,0x00000000e7580000)
  to   space 8704K, 0% used [0x00000000e6600000,0x00000000e6600000,0x00000000e6e80000)
 ParOldGen       total 84992K, used 2216K [0x0000000084e00000, 0x000000008a100000, 0x00000000d6f80000)
  object space 84992K, 2% used [0x0000000084e00000,0x000000008502a390,0x000000008a100000)
 Metaspace       used 20769K, capacity 21016K, committed 21296K, reserved 1069056K
  class space    used 2474K, capacity 2568K, committed 2688K, reserved 1048576K

