# JRE version: OpenJDK Runtime Environment (8.0_265-b01) (build 1.8.0_265-8u265-b01-0ubuntu2~18.04-b01)
# Java VM: OpenJDK 64-Bit Server VM (25.265-b01 mixed mode linux-amd64 compressed oops)
Heap:
 PSYoungGen      total 259072K, used 6092K [0x00000000d6f80000, 0x00000000e7480000, 0x0000000100000000)
  eden space 251392K, 0% used [0x00000000d6f80000,0x00000000d6f80000,0x00000000e6500000)
  from space 7680K, 79% used [0x00000000e6500000,0x00000000e6af3020,0x00000000e6c80000)
  to   space 7168K, 0% used [0x00000000e6c80000,0x00000000e6c80000,0x00000000e7380000)
 ParOldGen       total 52736K, used 6944K [0x0000000084e00000, 0x0000000088180000, 0x00000000d6f80000)
  object space 52736K, 13% used [0x0000000084e00000,0x00000000854c8180,0x0000000088180000)
 Metaspace       used 23516K, capacity 23854K, committed 24192K, reserved 1071104K
  class space    used 2819K, capacity 2929K, committed 2944K, reserved 1048576K
GC Heap History (10 events):
Event: 1.382 GC heap after
Heap after GC invocations=5 (full 0):
 PSYoungGen      total 68608K, used 4151K [0x00000000d6f80000, 0x00000000df480000, 0x0000000100000000)
  eden space 63488K, 0% used [0x00000000d6f80000,0x00000000d6f80000,0x00000000dad80000)
  from space 5120K, 81% used [0x00000000dad80000,0x00000000db18dc58,0x00000000db280000)
  to   space 4608K, 0% used [0x00000000df000000,0x00000000df000000,0x00000000df480000)
 ParOldGen       total 84992K, used 40K [0x0000000084e00000, 0x000000008a100000, 0x00000000d6f80000)
  object space 84992K, 0% used [0x0000000084e00000,0x0000000084e0a000,0x000000008a100000)
 Metaspace       used 10429K, capacity 10644K, committed 10880K, reserved 1058816K
  class space    used 1240K, capacity 1308K, committed 1408K, reserved 1048576K
}
Event: 1.551 GC heap before
{Heap before GC invocations=6 (full 0):
 PSYoungGen      total 68608K, used 67639K [0x00000000d6f80000, 0x00000000df480000, 0x0000000100000000)
  eden space 63488K, 100% used [0x00000000d6f80000,0x00000000dad80000,0x00000000dad80000)
  from space 5120K, 81% used [0x00000000dad80000,0x00000000db18dc58,0x00000000db280000)
  to   space 4608K, 0% used [0x00000000df000000,0x00000000df000000,0x00000000df480000)
 ParOldGen       total 84992K, used 40K [0x0000000084e00000, 0x000000008a100000, 0x00000000d6f80000)
  object space 84992K, 0% used [0x0000000084e00000,0x0000000084e0a000,0x000000008a100000)
 Metaspace       used 12729K, capacity 12916K, committed 13056K, reserved 1060864K
  class space    used 1501K, capacity 1532K, committed 1536K, reserved 1048576K
Event: 1.558 GC heap after
Heap after GC invocations=6 (full 0):
 PSYoungGen      total 130560K, used 4605K [0x00000000d6f80000, 0x00000000df680000, 0x0000000100000000)
  eden space 125952K, 0% used [0x00000000d6f80000,0x00000000d6f80000,0x00000000dea80000)
  from space 4608K, 99% used [0x00000000df000000,0x00000000df47f5d8,0x00000000df480000)
  to   space 5632K, 0% used [0x00000000dea80000,0x00000000dea80000,0x00000000df000000)
 ParOldGen       total 84992K, used 617K [0x0000000084e00000, 0x000000008a100000, 0x00000000d6f80000)
  object space 84992K, 0% used [0x0000000084e00000,0x0000000084e9a4c0,0x000000008a100000)
 Metaspace       used 12729K, capacity 12916K, committed 13056K, reserved 1060864K
  class space    used 1501K, capacity 1532K, committed 1536K, reserved 1048576K
}
Event: 2.059 GC heap before
{Heap before GC invocations=7 (full 0):
 PSYoungGen      total 130560K, used 130557K [0x00000000d6f80000, 0x00000000df680000, 0x0000000100000000)
  eden space 125952K, 100% used [0x00000000d6f80000,0x00000000dea80000,0x00000000dea80000)
  from space 4608K, 99% used [0x00000000df000000,0x00000000df47f5d8,0x00000000df480000)
  to   space 5632K, 0% used [0x00000000dea80000,0x00000000dea80000,0x00000000df000000)
 ParOldGen       total 84992K, used 617K [0x0000000084e00000, 0x000000008a100000, 0x00000000d6f80000)
  object space 84992K, 0% used [0x0000000084e00000,0x0000000084e9a4c0,0x000000008a100000)
 Metaspace       used 17894K, capacity 18142K, committed 18304K, reserved 1064960K
  class space    used 2095K, capacity 2163K, committed 2176K, reserved 1048576K
Event: 2.081 GC heap after
Heap after GC invocations=7 (full 0):
 PSYoungGen      total 131584K, used 5631K [0x00000000d6f80000, 0x00000000e7380000, 0x0000000100000000)
  eden space 125952K, 0% used [0x00000000d6f80000,0x00000000d6f80000,0x00000000dea80000)
  from space 5632K, 99% used [0x00000000dea80000,0x00000000defffd58,0x00000000df000000)
  to   space 7168K, 0% used [0x00000000e6c80000,0x00000000e6c80000,0x00000000e7380000)
 ParOldGen       total 84992K, used 2524K [0x0000000084e00000, 0x000000008a100000, 0x00000000d6f80000)
  object space 84992K, 2% used [0x0000000084e00000,0x0000000085077168,0x000000008a100000)
 Metaspace       used 17894K, capacity 18142K, committed 18304K, reserved 1064960K
  class space    used 2095K, capacity 2163K, committed 2176K, reserved 1048576K
}
Event: 2.422 GC heap before
{Heap before GC invocations=8 (full 0):
 PSYoungGen      total 131584K, used 127764K [0x00000000d6f80000, 0x00000000e7380000, 0x0000000100000000)
  eden space 125952K, 96% used [0x00000000d6f80000,0x00000000de6c56a0,0x00000000dea80000)
  from space 5632K, 99% used [0x00000000dea80000,0x00000000defffd58,0x00000000df000000)
  to   space 7168K, 0% used [0x00000000e6c80000,0x00000000e6c80000,0x00000000e7380000)
 ParOldGen       total 84992K, used 2524K [0x0000000084e00000, 0x000000008a100000, 0x00000000d6f80000)
  object space 84992K, 2% used [0x0000000084e00000,0x0000000085077168,0x000000008a100000)
 Metaspace       used 20800K, capacity 21080K, committed 21296K, reserved 1069056K
  class space    used 2466K, capacity 2568K, committed 2688K, reserved 1048576K
Event: 2.431 GC heap after
Heap after GC invocations=8 (full 0):
 PSYoungGen      total 258560K, used 5094K [0x00000000d6f80000, 0x00000000e7480000, 0x0000000100000000)
  eden space 251392K, 0% used [0x00000000d6f80000,0x00000000d6f80000,0x00000000e6500000)
  from space 7168K, 71% used [0x00000000e6c80000,0x00000000e7179b18,0x00000000e7380000)
  to   space 7680K, 0% used [0x00000000e6500000,0x00000000e6500000,0x00000000e6c80000)
 ParOldGen       total 84992K, used 2996K [0x0000000084e00000, 0x000000008a100000, 0x00000000d6f80000)
  object space 84992K, 3% used [0x0000000084e00000,0x00000000850ed168,0x000000008a100000)
 Metaspace       used 20800K, capacity 21080K, committed 21296K, reserved 1069056K
  class space    used 2466K, capacity 2568K, committed 2688K, reserved 1048576K
}
Event: 2.431 GC heap before
{Heap before GC invocations=9 (full 1):
 PSYoungGen      total 258560K, used 5094K [0x00000000d6f80000, 0x00000000e7480000, 0x0000000100000000)
  eden space 251392K, 0% used [0x00000000d6f80000,0x00000000d6f80000,0x00000000e6500000)
  from space 7168K, 71% used [0x00000000e6c80000,0x00000000e7179b18,0x00000000e7380000)
  to   space 7680K, 0% used [0x00000000e6500000,0x00000000e6500000,0x00000000e6c80000)
 ParOldGen       total 84992K, used 2996K [0x0000000084e00000, 0x000000008a100000, 0x00000000d6f80000)
  object space 84992K, 3% used [0x0000000084e00000,0x00000000850ed168,0x000000008a100000)
 Metaspace       used 20800K, capacity 21080K, committed 21296K, reserved 1069056K
  class space    used 2466K, capacity 2568K, committed 2688K, reserved 1048576K
Event: 2.482 GC heap after
Heap after GC invocations=9 (full 1):
 PSYoungGen      total 258560K, used 0K [0x00000000d6f80000, 0x00000000e7480000, 0x0000000100000000)
  eden space 251392K, 0% used [0x00000000d6f80000,0x00000000d6f80000,0x00000000e6500000)
  from space 7168K, 0% used [0x00000000e6c80000,0x00000000e6c80000,0x00000000e7380000)
  to   space 7680K, 0% used [0x00000000e6500000,0x00000000e6500000,0x00000000e6c80000)
 ParOldGen       total 52736K, used 6936K [0x0000000084e00000, 0x0000000088180000, 0x00000000d6f80000)
  object space 52736K, 13% used [0x0000000084e00000,0x00000000854c6180,0x0000000088180000)
 Metaspace       used 20800K, capacity 21080K, committed 21296K, reserved 1069056K
  class space    used 2466K, capacity 2568K, committed 2688K, reserved 1048576K
}
Event: 71.928 GC heap before
{Heap before GC invocations=10 (full 1):
 PSYoungGen      total 258560K, used 251392K [0x00000000d6f80000, 0x00000000e7480000, 0x0000000100000000)
  eden space 251392K, 100% used [0x00000000d6f80000,0x00000000e6500000,0x00000000e6500000)
  from space 7168K, 0% used [0x00000000e6c80000,0x00000000e6c80000,0x00000000e7380000)
  to   space 7680K, 0% used [0x00000000e6500000,0x00000000e6500000,0x00000000e6c80000)
 ParOldGen       total 52736K, used 6936K [0x0000000084e00000, 0x0000000088180000, 0x00000000d6f80000)
  object space 52736K, 13% used [0x0000000084e00000,0x00000000854c6180,0x0000000088180000)
 Metaspace       used 23516K, capacity 23854K, committed 24192K, reserved 1071104K
  class space    used 2819K, capacity 2929K, committed 2944K, reserved 1048576K

